<?xml version="1.0" encoding="UTF-8"?>
<!-- Generated by org.testng.reporters.JUnitXMLReporter -->
<testsuite ignored="9" hostname="LAPTOP-JHASPJOK" failures="0" tests="1" name="Default test" time="4.471" errors="0" timestamp="2025-08-28T16:18:08 IST">
  <testcase classname="com.orangehrm.test.LoginOrangeHRM" name="question9" time="1.606"/>
  <testcase classname="com.orangehrm.test.LoginOrangeHRM" name="question5" time="0.0">
    <ignored/>
  </testcase> <!-- question5 -->
  <testcase classname="com.orangehrm.test.LoginOrangeHRM" name="question2" time="0.0">
    <ignored/>
  </testcase> <!-- question2 -->
  <testcase classname="com.orangehrm.test.LoginOrangeHRM" name="question3" time="0.0">
    <ignored/>
  </testcase> <!-- question3 -->
  <testcase classname="com.orangehrm.test.LoginOrangeHRM" name="question8" time="0.0">
    <ignored/>
  </testcase> <!-- question8 -->
  <testcase classname="com.orangehrm.test.LoginOrangeHRM" name="question6" time="0.0">
    <ignored/>
  </testcase> <!-- question6 -->
  <testcase classname="com.orangehrm.test.LoginOrangeHRM" name="question7" time="0.0">
    <ignored/>
  </testcase> <!-- question7 -->
  <testcase classname="com.orangehrm.test.LoginOrangeHRM" name="verifylogin" time="0.0">
    <ignored/>
  </testcase> <!-- verifylogin -->
  <testcase classname="com.orangehrm.test.LoginOrangeHRM" name="question1" time="0.0">
    <ignored/>
  </testcase> <!-- question1 -->
  <testcase classname="com.orangehrm.test.LoginOrangeHRM" name="question4" time="0.0">
    <ignored/>
  </testcase> <!-- question4 -->
</testsuite> <!-- Default test -->
