<?xml version="1.0" encoding="UTF-8"?>
<!-- Generated by org.testng.reporters.JUnitXMLReporter -->
<testsuite ignored="0" hostname="LAPTOP-JHASPJOK" failures="0" tests="9" name="Test" time="49.311" errors="0" timestamp="2025-08-29T12:41:37 IST">
  <testcase classname="com.practice.Q1" name="f" time="6.743"/>
  <testcase classname="com.practice.Q2" name="f" time="6.499"/>
  <testcase classname="com.practice.Q3" name="f" time="7.787"/>
  <testcase classname="com.practice.Q4" name="f" time="2.405"/>
  <testcase classname="com.practice.Q5" name="f" time="5.46"/>
  <testcase classname="com.practice.Q6" name="f" time="5.157"/>
  <testcase classname="com.practice.Q7" name="f" time="6.053"/>
  <testcase classname="com.practice.Q8" name="f" time="5.647"/>
  <testcase classname="com.practice.Q9" name="f" time="3.449"/>
</testsuite> <!-- Test -->
