<?xml version="1.0" encoding="UTF-8"?>
<!-- Generated by org.testng.reporters.JUnitXMLReporter -->
<testsuite ignored="0" hostname="LAPTOP-JHASPJOK" failures="0" tests="4" name="Test" time="13.301" errors="0" timestamp="2025-08-18T14:47:43 IST">
  <testcase classname="seleniumpack1.TC0013_TestNG" name="f" time="3.057"/>
  <testcase classname="seleniumpack1.TC0013_TestNG" name="f" time="3.028"/>
  <testcase classname="seleniumpack1.tg2" name="f" time="0.005"/>
  <testcase classname="seleniumpack1.tg2" name="f" time="0.001"/>
</testsuite> <!-- Test -->
