<?xml version="1.0" encoding="UTF-8"?>
<testng-results ignored="0" total="4" passed="4" failed="0" skipped="0">
  <reporter-output>
  </reporter-output>
  <suite started-at="2025-08-19T15:17:34 IST" name="Suite" finished-at="2025-08-19T15:18:05 IST" duration-ms="30995">
    <groups>
    </groups>
    <test started-at="2025-08-19T15:17:34 IST" name="chrometest" finished-at="2025-08-19T15:17:57 IST" duration-ms="23086">
      <class name="seleniumpack1.Lab9_3">
        <test-method is-config="true" signature="beforeTest()[pri:0, instance:seleniumpack1.Lab9_3@7c6908d7]" started-at="2025-08-19T15:17:34 IST" name="beforeTest" finished-at="2025-08-19T15:17:34 IST" duration-ms="0" status="PASS">
          <reporter-output>
          </reporter-output>
        </test-method> <!-- beforeTest -->
        <test-method is-config="true" signature="beforeClass()[pri:0, instance:seleniumpack1.Lab9_3@7c6908d7]" started-at="2025-08-19T15:17:34 IST" name="beforeClass" finished-at="2025-08-19T15:17:34 IST" duration-ms="1" status="PASS">
          <reporter-output>
          </reporter-output>
        </test-method> <!-- beforeClass -->
        <test-method is-config="true" signature="beforeMethod(java.lang.String)[pri:0, instance:seleniumpack1.Lab9_3@7c6908d7]" started-at="2025-08-19T15:17:34 IST" name="beforeMethod" finished-at="2025-08-19T15:17:38 IST" duration-ms="3762" status="PASS">
          <params>
            <param index="0">
              <value>
                <![CDATA[chrome]]>
              </value>
            </param>
          </params>
          <reporter-output>
          </reporter-output>
        </test-method> <!-- beforeMethod -->
        <test-method signature="f()[pri:0, instance:seleniumpack1.Lab9_3@7c6908d7]" started-at="2025-08-19T15:17:38 IST" name="f" finished-at="2025-08-19T15:17:42 IST" duration-ms="3996" status="PASS">
          <reporter-output>
          </reporter-output>
        </test-method> <!-- f -->
        <test-method is-config="true" signature="afterMethod()[pri:0, instance:seleniumpack1.Lab9_3@7c6908d7]" started-at="2025-08-19T15:17:42 IST" name="afterMethod" finished-at="2025-08-19T15:17:42 IST" duration-ms="469" status="PASS">
          <reporter-output>
          </reporter-output>
        </test-method> <!-- afterMethod -->
        <test-method is-config="true" signature="afterClass()[pri:0, instance:seleniumpack1.Lab9_3@7c6908d7]" started-at="2025-08-19T15:17:42 IST" name="afterClass" finished-at="2025-08-19T15:17:42 IST" duration-ms="1" status="PASS">
          <reporter-output>
          </reporter-output>
        </test-method> <!-- afterClass -->
        <test-method is-config="true" signature="afterTest()[pri:0, instance:seleniumpack1.Lab9_3@7c6908d7]" started-at="2025-08-19T15:17:57 IST" name="afterTest" finished-at="2025-08-19T15:17:57 IST" duration-ms="1" status="PASS">
          <reporter-output>
          </reporter-output>
        </test-method> <!-- afterTest -->
      </class> <!-- seleniumpack1.Lab9_3 -->
      <class name="seleniumpack1.Lab9_4">
        <test-method is-config="true" signature="beforeTest()[pri:0, instance:seleniumpack1.Lab9_4@4e08711f]" started-at="2025-08-19T15:17:34 IST" name="beforeTest" finished-at="2025-08-19T15:17:34 IST" duration-ms="0" status="PASS">
          <reporter-output>
          </reporter-output>
        </test-method> <!-- beforeTest -->
        <test-method is-config="true" signature="beforeClass()[pri:0, instance:seleniumpack1.Lab9_4@4e08711f]" started-at="2025-08-19T15:17:42 IST" name="beforeClass" finished-at="2025-08-19T15:17:42 IST" duration-ms="0" status="PASS">
          <reporter-output>
          </reporter-output>
        </test-method> <!-- beforeClass -->
        <test-method is-config="true" signature="beforeMethod(java.lang.String)[pri:0, instance:seleniumpack1.Lab9_4@4e08711f]" started-at="2025-08-19T15:17:42 IST" name="beforeMethod" finished-at="2025-08-19T15:17:45 IST" duration-ms="2577" status="PASS">
          <params>
            <param index="0">
              <value>
                <![CDATA[chrome]]>
              </value>
            </param>
          </params>
          <reporter-output>
          </reporter-output>
        </test-method> <!-- beforeMethod -->
        <test-method signature="f()[pri:0, instance:seleniumpack1.Lab9_4@4e08711f]" started-at="2025-08-19T15:17:45 IST" name="f" finished-at="2025-08-19T15:17:57 IST" duration-ms="11688" status="PASS">
          <reporter-output>
          </reporter-output>
        </test-method> <!-- f -->
        <test-method is-config="true" signature="afterMethod()[pri:0, instance:seleniumpack1.Lab9_4@4e08711f]" started-at="2025-08-19T15:17:57 IST" name="afterMethod" finished-at="2025-08-19T15:17:57 IST" duration-ms="517" status="PASS">
          <reporter-output>
          </reporter-output>
        </test-method> <!-- afterMethod -->
        <test-method is-config="true" signature="afterClass()[pri:0, instance:seleniumpack1.Lab9_4@4e08711f]" started-at="2025-08-19T15:17:57 IST" name="afterClass" finished-at="2025-08-19T15:17:57 IST" duration-ms="2" status="PASS">
          <reporter-output>
          </reporter-output>
        </test-method> <!-- afterClass -->
        <test-method is-config="true" signature="afterTest()[pri:0, instance:seleniumpack1.Lab9_4@4e08711f]" started-at="2025-08-19T15:17:57 IST" name="afterTest" finished-at="2025-08-19T15:17:57 IST" duration-ms="0" status="PASS">
          <reporter-output>
          </reporter-output>
        </test-method> <!-- afterTest -->
      </class> <!-- seleniumpack1.Lab9_4 -->
    </test> <!-- chrometest -->
    <test started-at="2025-08-19T15:17:34 IST" name="firefoxtest" finished-at="2025-08-19T15:18:05 IST" duration-ms="30995">
      <class name="seleniumpack1.Lab9_3">
        <test-method is-config="true" signature="beforeSuite()[pri:0, instance:seleniumpack1.Lab9_3@79d8407f]" started-at="2025-08-19T15:17:34 IST" name="beforeSuite" finished-at="2025-08-19T15:17:34 IST" duration-ms="18" status="PASS">
          <reporter-output>
          </reporter-output>
        </test-method> <!-- beforeSuite -->
        <test-method is-config="true" signature="beforeTest()[pri:0, instance:seleniumpack1.Lab9_3@79d8407f]" started-at="2025-08-19T15:17:34 IST" name="beforeTest" finished-at="2025-08-19T15:17:34 IST" duration-ms="0" status="PASS">
          <reporter-output>
          </reporter-output>
        </test-method> <!-- beforeTest -->
        <test-method is-config="true" signature="beforeClass()[pri:0, instance:seleniumpack1.Lab9_3@79d8407f]" started-at="2025-08-19T15:17:34 IST" name="beforeClass" finished-at="2025-08-19T15:17:34 IST" duration-ms="1" status="PASS">
          <reporter-output>
          </reporter-output>
        </test-method> <!-- beforeClass -->
        <test-method is-config="true" signature="beforeMethod(java.lang.String)[pri:0, instance:seleniumpack1.Lab9_3@79d8407f]" started-at="2025-08-19T15:17:34 IST" name="beforeMethod" finished-at="2025-08-19T15:17:42 IST" duration-ms="8009" status="PASS">
          <params>
            <param index="0">
              <value>
                <![CDATA[firefox]]>
              </value>
            </param>
          </params>
          <reporter-output>
          </reporter-output>
        </test-method> <!-- beforeMethod -->
        <test-method signature="f()[pri:0, instance:seleniumpack1.Lab9_3@79d8407f]" started-at="2025-08-19T15:17:42 IST" name="f" finished-at="2025-08-19T15:17:46 IST" duration-ms="4227" status="PASS">
          <reporter-output>
          </reporter-output>
        </test-method> <!-- f -->
        <test-method is-config="true" signature="afterMethod()[pri:0, instance:seleniumpack1.Lab9_3@79d8407f]" started-at="2025-08-19T15:17:46 IST" name="afterMethod" finished-at="2025-08-19T15:17:48 IST" duration-ms="1296" status="PASS">
          <reporter-output>
          </reporter-output>
        </test-method> <!-- afterMethod -->
        <test-method is-config="true" signature="afterClass()[pri:0, instance:seleniumpack1.Lab9_3@79d8407f]" started-at="2025-08-19T15:17:48 IST" name="afterClass" finished-at="2025-08-19T15:17:48 IST" duration-ms="1" status="PASS">
          <reporter-output>
          </reporter-output>
        </test-method> <!-- afterClass -->
        <test-method is-config="true" signature="afterTest()[pri:0, instance:seleniumpack1.Lab9_3@79d8407f]" started-at="2025-08-19T15:18:05 IST" name="afterTest" finished-at="2025-08-19T15:18:05 IST" duration-ms="0" status="PASS">
          <reporter-output>
          </reporter-output>
        </test-method> <!-- afterTest -->
        <test-method is-config="true" signature="afterSuite()[pri:0, instance:seleniumpack1.Lab9_3@79d8407f]" started-at="2025-08-19T15:18:05 IST" name="afterSuite" finished-at="2025-08-19T15:18:05 IST" duration-ms="1" status="PASS">
          <reporter-output>
          </reporter-output>
        </test-method> <!-- afterSuite -->
      </class> <!-- seleniumpack1.Lab9_3 -->
      <class name="seleniumpack1.Lab9_4">
        <test-method is-config="true" signature="beforeSuite()[pri:0, instance:seleniumpack1.Lab9_4@5fbe4146]" started-at="2025-08-19T15:17:34 IST" name="beforeSuite" finished-at="2025-08-19T15:17:34 IST" duration-ms="0" status="PASS">
          <reporter-output>
          </reporter-output>
        </test-method> <!-- beforeSuite -->
        <test-method is-config="true" signature="beforeTest()[pri:0, instance:seleniumpack1.Lab9_4@5fbe4146]" started-at="2025-08-19T15:17:34 IST" name="beforeTest" finished-at="2025-08-19T15:17:34 IST" duration-ms="2" status="PASS">
          <reporter-output>
          </reporter-output>
        </test-method> <!-- beforeTest -->
        <test-method is-config="true" signature="beforeClass()[pri:0, instance:seleniumpack1.Lab9_4@5fbe4146]" started-at="2025-08-19T15:17:48 IST" name="beforeClass" finished-at="2025-08-19T15:17:48 IST" duration-ms="0" status="PASS">
          <reporter-output>
          </reporter-output>
        </test-method> <!-- beforeClass -->
        <test-method is-config="true" signature="beforeMethod(java.lang.String)[pri:0, instance:seleniumpack1.Lab9_4@5fbe4146]" started-at="2025-08-19T15:17:48 IST" name="beforeMethod" finished-at="2025-08-19T15:17:53 IST" duration-ms="4912" status="PASS">
          <params>
            <param index="0">
              <value>
                <![CDATA[firefox]]>
              </value>
            </param>
          </params>
          <reporter-output>
          </reporter-output>
        </test-method> <!-- beforeMethod -->
        <test-method signature="f()[pri:0, instance:seleniumpack1.Lab9_4@5fbe4146]" started-at="2025-08-19T15:17:53 IST" name="f" finished-at="2025-08-19T15:18:04 IST" duration-ms="11383" status="PASS">
          <reporter-output>
          </reporter-output>
        </test-method> <!-- f -->
        <test-method is-config="true" signature="afterMethod()[pri:0, instance:seleniumpack1.Lab9_4@5fbe4146]" started-at="2025-08-19T15:18:04 IST" name="afterMethod" finished-at="2025-08-19T15:18:05 IST" duration-ms="1106" status="PASS">
          <reporter-output>
          </reporter-output>
        </test-method> <!-- afterMethod -->
        <test-method is-config="true" signature="afterClass()[pri:0, instance:seleniumpack1.Lab9_4@5fbe4146]" started-at="2025-08-19T15:18:05 IST" name="afterClass" finished-at="2025-08-19T15:18:05 IST" duration-ms="1" status="PASS">
          <reporter-output>
          </reporter-output>
        </test-method> <!-- afterClass -->
        <test-method is-config="true" signature="afterTest()[pri:0, instance:seleniumpack1.Lab9_4@5fbe4146]" started-at="2025-08-19T15:18:05 IST" name="afterTest" finished-at="2025-08-19T15:18:05 IST" duration-ms="0" status="PASS">
          <reporter-output>
          </reporter-output>
        </test-method> <!-- afterTest -->
        <test-method is-config="true" signature="afterSuite()[pri:0, instance:seleniumpack1.Lab9_4@5fbe4146]" started-at="2025-08-19T15:18:05 IST" name="afterSuite" finished-at="2025-08-19T15:18:05 IST" duration-ms="1" status="PASS">
          <reporter-output>
          </reporter-output>
        </test-method> <!-- afterSuite -->
      </class> <!-- seleniumpack1.Lab9_4 -->
    </test> <!-- firefoxtest -->
  </suite> <!-- Suite -->
</testng-results>
