<?xml version="1.0" encoding="UTF-8"?>
<testng-results ignored="0" total="1" passed="1" failed="0" skipped="0">
  <reporter-output>
  </reporter-output>
  <suite started-at="2025-08-21T16:20:10 IST" name="Default suite" finished-at="2025-08-21T16:20:17 IST" duration-ms="6600">
    <groups>
    </groups>
    <test started-at="2025-08-21T16:20:10 IST" name="Default test" finished-at="2025-08-21T16:20:17 IST" duration-ms="6600">
      <class name="seleniumpack1.Lab12_Propertiesfile">
        <test-method is-config="true" signature="before()[pri:0, instance:seleniumpack1.Lab12_Propertiesfile@45752059]" started-at="2025-08-21T16:20:10 IST" name="before" finished-at="2025-08-21T16:20:14 IST" duration-ms="3663" status="PASS">
          <reporter-output>
          </reporter-output>
        </test-method> <!-- before -->
        <test-method signature="registerUserTest()[pri:0, instance:seleniumpack1.Lab12_Propertiesfile@45752059]" started-at="2025-08-21T16:20:14 IST" name="registerUserTest" finished-at="2025-08-21T16:20:17 IST" duration-ms="2640" status="PASS">
          <reporter-output>
          </reporter-output>
        </test-method> <!-- registerUserTest -->
        <test-method is-config="true" signature="after()[pri:0, instance:seleniumpack1.Lab12_Propertiesfile@45752059]" started-at="2025-08-21T16:20:17 IST" name="after" finished-at="2025-08-21T16:20:17 IST" duration-ms="246" status="PASS">
          <reporter-output>
          </reporter-output>
        </test-method> <!-- after -->
      </class> <!-- seleniumpack1.Lab12_Propertiesfile -->
    </test> <!-- Default test -->
  </suite> <!-- Default suite -->
</testng-results>
